<?xml version="1.0" encoding="UTF-8"?>
<!-- Generated by org.testng.reporters.JUnitReportReporter -->
<testsuite hostname="ZCHD-CQR-AKSHIT-SAHORE" failures="0" tests="6" name="sample_demo.cpcModuleTest" time="219.517" errors="0" timestamp="03 Jun 2022 08:42:53 GMT" skipped="0">
  <testcase classname="sample_demo.cpcModuleTest" name="loginTest" time="19.883"/>
  <testcase classname="sample_demo.cpcModuleTest" name="site_engineering_addcomponent" time="42.201"/>
  <testcase classname="sample_demo.cpcModuleTest" name="cpc_analysis_enquiry" time="55.470"/>
  <testcase classname="sample_demo.cpcModuleTest" name="site_engineering_excelandpdf" time="26.300"/>
  <testcase classname="sample_demo.cpcModuleTest" name="cpc_analysis_view_enquiry" time="28.266"/>
  <testcase classname="sample_demo.cpcModuleTest" name="Download_jpeg" time="47.397"/>
</testsuite> <!-- sample_demo.cpcModuleTest -->
